# JRE version: OpenJDK Runtime Environment (8.0_242-b01) (build 1.8.0_242-release-1644-b01)
# Java VM: OpenJDK 64-Bit Server VM (25.242-b01 mixed mode windows-amd64 compressed oops)
Heap:
 PSYoungGen      total 317440K, used 26882K [0x00000000e0000000, 0x00000000f9180000, 0x0000000100000000)
  eden space 283136K, 7% used [0x00000000e0000000,0x00000000e14168e8,0x00000000f1480000)
  from space 34304K, 18% used [0x00000000f3580000,0x00000000f3bc77a8,0x00000000f5700000)
  to   space 33792K, 0% used [0x00000000f1480000,0x00000000f1480000,0x00000000f3580000)
 ParOldGen       total 297472K, used 78341K [0x00000000a0000000, 0x00000000b2280000, 0x00000000e0000000)
  object space 297472K, 26% used [0x00000000a0000000,0x00000000a4c81728,0x00000000b2280000)
 Metaspace       used 105458K, capacity 110380K, committed 110720K, reserved 1144832K
  class space    used 13602K, capacity 14613K, committed 14720K, reserved 1048576K
GC Heap History (10 events):
Event: 5406.139 GC heap before
{Heap before GC invocations=24 (full 4):
 PSYoungGen      total 316928K, used 304495K [0x00000000e0000000, 0x00000000f5c80000, 0x0000000100000000)
  eden space 281600K, 100% used [0x00000000e0000000,0x00000000f1300000,0x00000000f1300000)
  from space 35328K, 64% used [0x00000000f1300000,0x00000000f295be50,0x00000000f3580000)
  to   space 34304K, 0% used [0x00000000f3580000,0x00000000f3580000,0x00000000f5700000)
 ParOldGen       total 297472K, used 51900K [0x00000000a0000000, 0x00000000b2280000, 0x00000000e0000000)
  object space 297472K, 17% used [0x00000000a0000000,0x00000000a32af068,0x00000000b2280000)
 Metaspace       used 104356K, capacity 109196K, committed 109312K, reserved 1144832K
  class space    used 13505K, capacity 14513K, committed 14592K, reserved 1048576K
Event: 5406.159 GC heap after
Heap after GC invocations=24 (full 4):
 PSYoungGen      total 315904K, used 22921K [0x00000000e0000000, 0x00000000f5c80000, 0x0000000100000000)
  eden space 281600K, 0% used [0x00000000e0000000,0x00000000e0000000,0x00000000f1300000)
  from space 34304K, 66% used [0x00000000f3580000,0x00000000f4be2690,0x00000000f5700000)
  to   space 35328K, 0% used [0x00000000f1300000,0x00000000f1300000,0x00000000f3580000)
 ParOldGen       total 297472K, used 51908K [0x00000000a0000000, 0x00000000b2280000, 0x00000000e0000000)
  object space 297472K, 17% used [0x00000000a0000000,0x00000000a32b1068,0x00000000b2280000)
 Metaspace       used 104356K, capacity 109196K, committed 109312K, reserved 1144832K
  class space    used 13505K, capacity 14513K, committed 14592K, reserved 1048576K
}
Event: 5406.676 GC heap before
{Heap before GC invocations=25 (full 4):
 PSYoungGen      total 315904K, used 304521K [0x00000000e0000000, 0x00000000f5c80000, 0x0000000100000000)
  eden space 281600K, 100% used [0x00000000e0000000,0x00000000f1300000,0x00000000f1300000)
  from space 34304K, 66% used [0x00000000f3580000,0x00000000f4be2690,0x00000000f5700000)
  to   space 35328K, 0% used [0x00000000f1300000,0x00000000f1300000,0x00000000f3580000)
 ParOldGen       total 297472K, used 51908K [0x00000000a0000000, 0x00000000b2280000, 0x00000000e0000000)
  object space 297472K, 17% used [0x00000000a0000000,0x00000000a32b1068,0x00000000b2280000)
 Metaspace       used 104517K, capacity 109356K, committed 109568K, reserved 1144832K
  class space    used 13505K, capacity 14513K, committed 14592K, reserved 1048576K
Event: 5406.696 GC heap after
Heap after GC invocations=25 (full 4):
 PSYoungGen      total 316928K, used 15453K [0x00000000e0000000, 0x00000000f5c80000, 0x0000000100000000)
  eden space 281600K, 0% used [0x00000000e0000000,0x00000000e0000000,0x00000000f1300000)
  from space 35328K, 43% used [0x00000000f1300000,0x00000000f2217528,0x00000000f3580000)
  to   space 34304K, 0% used [0x00000000f3580000,0x00000000f3580000,0x00000000f5700000)
 ParOldGen       total 297472K, used 60094K [0x00000000a0000000, 0x00000000b2280000, 0x00000000e0000000)
  object space 297472K, 20% used [0x00000000a0000000,0x00000000a3aafb08,0x00000000b2280000)
 Metaspace       used 104517K, capacity 109356K, committed 109568K, reserved 1144832K
  class space    used 13505K, capacity 14513K, committed 14592K, reserved 1048576K
}
Event: 5407.347 GC heap before
{Heap before GC invocations=26 (full 4):
 PSYoungGen      total 316928K, used 297053K [0x00000000e0000000, 0x00000000f5c80000, 0x0000000100000000)
  eden space 281600K, 100% used [0x00000000e0000000,0x00000000f1300000,0x00000000f1300000)
  from space 35328K, 43% used [0x00000000f1300000,0x00000000f2217528,0x00000000f3580000)
  to   space 34304K, 0% used [0x00000000f3580000,0x00000000f3580000,0x00000000f5700000)
 ParOldGen       total 297472K, used 60094K [0x00000000a0000000, 0x00000000b2280000, 0x00000000e0000000)
  object space 297472K, 20% used [0x00000000a0000000,0x00000000a3aafb08,0x00000000b2280000)
 Metaspace       used 104848K, capacity 109720K, committed 109824K, reserved 1144832K
  class space    used 13536K, capacity 14521K, committed 14592K, reserved 1048576K
Event: 5407.371 GC heap after
Heap after GC invocations=26 (full 4):
 PSYoungGen      total 315904K, used 15117K [0x00000000e0000000, 0x00000000f5c80000, 0x0000000100000000)
  eden space 281600K, 0% used [0x00000000e0000000,0x00000000e0000000,0x00000000f1300000)
  from space 34304K, 44% used [0x00000000f3580000,0x00000000f4443430,0x00000000f5700000)
  to   space 35328K, 0% used [0x00000000f1300000,0x00000000f1300000,0x00000000f3580000)
 ParOldGen       total 297472K, used 67375K [0x00000000a0000000, 0x00000000b2280000, 0x00000000e0000000)
  object space 297472K, 22% used [0x00000000a0000000,0x00000000a41cbf80,0x00000000b2280000)
 Metaspace       used 104848K, capacity 109720K, committed 109824K, reserved 1144832K
  class space    used 13536K, capacity 14521K, committed 14592K, reserved 1048576K
}
Event: 5407.931 GC heap before
{Heap before GC invocations=27 (full 4):
 PSYoungGen      total 315904K, used 296717K [0x00000000e0000000, 0x00000000f5c80000, 0x0000000100000000)
  eden space 281600K, 100% used [0x00000000e0000000,0x00000000f1300000,0x00000000f1300000)
  from space 34304K, 44% used [0x00000000f3580000,0x00000000f4443430,0x00000000f5700000)
  to   space 35328K, 0% used [0x00000000f1300000,0x00000000f1300000,0x00000000f3580000)
 ParOldGen       total 297472K, used 67375K [0x00000000a0000000, 0x00000000b2280000, 0x00000000e0000000)
  object space 297472K, 22% used [0x00000000a0000000,0x00000000a41cbf80,0x00000000b2280000)
 Metaspace       used 104999K, capacity 109876K, committed 110080K, reserved 1144832K
  class space    used 13542K, capacity 14525K, committed 14592K, reserved 1048576K
Event: 5407.944 GC heap after
Heap after GC invocations=27 (full 4):
 PSYoungGen      total 316928K, used 12353K [0x00000000e0000000, 0x00000000f5c80000, 0x0000000100000000)
  eden space 281600K, 0% used [0x00000000e0000000,0x00000000e0000000,0x00000000f1300000)
  from space 35328K, 34% used [0x00000000f1300000,0x00000000f1f105e0,0x00000000f3580000)
  to   space 34304K, 0% used [0x00000000f3580000,0x00000000f3580000,0x00000000f5700000)
 ParOldGen       total 297472K, used 69966K [0x00000000a0000000, 0x00000000b2280000, 0x00000000e0000000)
  object space 297472K, 23% used [0x00000000a0000000,0x00000000a4453b80,0x00000000b2280000)
 Metaspace       used 104999K, capacity 109876K, committed 110080K, reserved 1144832K
  class space    used 13542K, capacity 14525K, committed 14592K, reserved 1048576K
}
Event: 5408.577 GC heap before
{Heap before GC invocations=28 (full 4):
 PSYoungGen      total 316928K, used 293953K [0x00000000e0000000, 0x00000000f5c80000, 0x0000000100000000)
  eden space 281600K, 100% used [0x00000000e0000000,0x00000000f1300000,0x00000000f1300000)
  from space 35328K, 34% used [0x00000000f1300000,0x00000000f1f105e0,0x00000000f3580000)
  to   space 34304K, 0% used [0x00000000f3580000,0x00000000f3580000,0x00000000f5700000)
 ParOldGen       total 297472K, used 69966K [0x00000000a0000000, 0x00000000b2280000, 0x00000000e0000000)
  object space 297472K, 23% used [0x00000000a0000000,0x00000000a4453b80,0x00000000b2280000)
 Metaspace       used 105458K, capacity 110380K, committed 110720K, reserved 1144832K
  class space    used 13602K, capacity 14613K, committed 14720K, reserved 1048576K
Event: 5408.595 GC heap after
Heap after GC invocations=28 (full 4):
 PSYoungGen      total 317440K, used 6429K [0x00000000e0000000, 0x00000000f9180000, 0x0000000100000000)
  eden space 283136K, 0% used [0x00000000e0000000,0x00000000e0000000,0x00000000f1480000)
  from space 34304K, 18% used [0x00000000f3580000,0x00000000f3bc77a8,0x00000000f5700000)
  to   space 33792K, 0% used [0x00000000f1480000,0x00000000f1480000,0x00000000f3580000)
 ParOldGen       total 297472K, used 78341K [0x00000000a0000000, 0x00000000b2280000, 0x00000000e0000000)
  object space 297472K, 26% used [0x00000000a0000000,0x00000000a4c81728,0x00000000b2280000)
 Metaspace       used 105458K, capacity 110380K, committed 110720K, reserved 1144832K
  class space    used 13602K, capacity 14613K, committed 14720K, reserved 1048576K
}

